

Started GET "/ide.html" for 10.77.2.138 at 2014-11-20 18:09:00 +0000

ActionController::RoutingError (No route matches [GET] "/ide.html"):
  actionpack (4.1.8) lib/action_dispatch/middleware/debug_exceptions.rb:21:in `call'
  actionpack (4.1.8) lib/action_dispatch/middleware/show_exceptions.rb:30:in `call'
  railties (4.1.8) lib/rails/rack/logger.rb:38:in `call_app'
  railties (4.1.8) lib/rails/rack/logger.rb:20:in `block in call'
  activesupport (4.1.8) lib/active_support/tagged_logging.rb:68:in `block in tagged'
  activesupport (4.1.8) lib/active_support/tagged_logging.rb:26:in `tagged'
  activesupport (4.1.8) lib/active_support/tagged_logging.rb:68:in `tagged'
  railties (4.1.8) lib/rails/rack/logger.rb:20:in `call'
  actionpack (4.1.8) lib/action_dispatch/middleware/request_id.rb:21:in `call'
  rack (1.5.2) lib/rack/methodoverride.rb:21:in `call'
  rack (1.5.2) lib/rack/runtime.rb:17:in `call'
  activesupport (4.1.8) lib/active_support/cache/strategy/local_cache_middleware.rb:26:in `call'
  rack (1.5.2) lib/rack/lock.rb:17:in `call'
  actionpack (4.1.8) lib/action_dispatch/middleware/static.rb:84:in `call'
  rack (1.5.2) lib/rack/sendfile.rb:112:in `call'
  railties (4.1.8) lib/rails/engine.rb:514:in `call'
  railties (4.1.8) lib/rails/application.rb:144:in `call'
  rack (1.5.2) lib/rack/lock.rb:17:in `call'
  rack (1.5.2) lib/rack/content_length.rb:14:in `call'
  rack (1.5.2) lib/rack/handler/webrick.rb:60:in `service'
  /home/debian/.rvm/rubies/ruby-2.1.5/lib/ruby/2.1.0/webrick/httpserver.rb:138:in `service'
  /home/debian/.rvm/rubies/ruby-2.1.5/lib/ruby/2.1.0/webrick/httpserver.rb:94:in `run'
  /home/debian/.rvm/rubies/ruby-2.1.5/lib/ruby/2.1.0/webrick/server.rb:295:in `block in start_thread'


  Rendered /home/debian/.rvm/gems/ruby-2.1.5/gems/actionpack-4.1.8/lib/action_dispatch/middleware/templates/rescues/_trace.html.erb (61.8ms)
  Rendered /home/debian/.rvm/gems/ruby-2.1.5/gems/actionpack-4.1.8/lib/action_dispatch/middleware/templates/routes/_table.html.erb (2442.8ms)
  Rendered /home/debian/.rvm/gems/ruby-2.1.5/gems/actionpack-4.1.8/lib/action_dispatch/middleware/templates/rescues/routing_error.html.erb within rescues/layout (4723.7ms)


Started GET "/" for 10.77.2.138 at 2014-11-20 18:09:22 +0000
Processing by Rails::WelcomeController#index as HTML
  Rendered /home/debian/.rvm/gems/ruby-2.1.5/gems/railties-4.1.8/lib/rails/templates/rails/welcome/index.html.erb (32.1ms)
Completed 200 OK in 4356ms (Views: 1040.8ms | ActiveRecord: 0.0ms)


Started GET "/" for 10.77.2.138 at 2014-11-20 18:09:31 +0000
Processing by Rails::WelcomeController#index as HTML
  Rendered /home/debian/.rvm/gems/ruby-2.1.5/gems/railties-4.1.8/lib/rails/templates/rails/welcome/index.html.erb (6.6ms)
Completed 200 OK in 54ms (Views: 45.9ms | ActiveRecord: 0.0ms)


Started GET "/" for 10.77.2.138 at 2014-11-20 18:09:33 +0000
Processing by Rails::WelcomeController#index as HTML
  Rendered /home/debian/.rvm/gems/ruby-2.1.5/gems/railties-4.1.8/lib/rails/templates/rails/welcome/index.html.erb (0.6ms)
Completed 200 OK in 50ms (Views: 37.8ms | ActiveRecord: 0.0ms)
